<?xml version="1.0" encoding="UTF-8"?>
<testng-results skipped="0" failed="1" total="1" passed="0">
  <reporter-output>
  </reporter-output>
  <suite name="Default suite" duration-ms="1312" started-at="2019-12-30T12:29:33Z" finished-at="2019-12-30T12:29:34Z">
    <groups>
    </groups>
    <test name="Default test" duration-ms="1312" started-at="2019-12-30T12:29:33Z" finished-at="2019-12-30T12:29:34Z">
      <class name="Test_request.List_Userr">
        <test-method status="PASS" signature="setup()[pri:0, instance:Test_request.List_Userr@13deb50e]" name="setup" is-config="true" duration-ms="162" started-at="2019-12-30T17:59:33Z" finished-at="2019-12-30T17:59:33Z">
          <reporter-output>
          </reporter-output>
        </test-method> <!-- setup -->
        <test-method status="FAIL" signature="get_list_user()[pri:0, instance:Test_request.List_Userr@13deb50e]" name="get_list_user" duration-ms="1086" started-at="2019-12-30T17:59:33Z" finished-at="2019-12-30T17:59:34Z">
          <exception class="java.lang.NoSuchFieldError">
            <message>
              <![CDATA[VERSION_2_3_23]]>
            </message>
            <full-stacktrace>
              <![CDATA[java.lang.NoSuchFieldError: VERSION_2_3_23
	at com.relevantcodes.extentreports.HTMLReporter.start(HTMLReporter.java:76)
	at com.relevantcodes.extentreports.Report.attach(Report.java:318)
	at com.relevantcodes.extentreports.ExtentReports.<init>(ExtentReports.java:86)
	at com.relevantcodes.extentreports.ExtentReports.<init>(ExtentReports.java:420)
	at Test_request.List_Userr.get_list_user(List_Userr.java:24)
	at sun.reflect.NativeMethodAccessorImpl.invoke0(Native Method)
	at sun.reflect.NativeMethodAccessorImpl.invoke(Unknown Source)
	at sun.reflect.DelegatingMethodAccessorImpl.invoke(Unknown Source)
	at java.lang.reflect.Method.invoke(Unknown Source)
	at org.testng.internal.MethodInvocationHelper.invokeMethod(MethodInvocationHelper.java:100)
	at org.testng.internal.Invoker.invokeMethod(Invoker.java:646)
	at org.testng.internal.Invoker.invokeTestMethod(Invoker.java:811)
	at org.testng.internal.Invoker.invokeTestMethods(Invoker.java:1129)
	at org.testng.internal.TestMethodWorker.invokeTestMethods(TestMethodWorker.java:129)
	at org.testng.internal.TestMethodWorker.run(TestMethodWorker.java:112)
	at org.testng.TestRunner.privateRun(TestRunner.java:746)
	at org.testng.TestRunner.run(TestRunner.java:600)
	at org.testng.SuiteRunner.runTest(SuiteRunner.java:366)
	at org.testng.SuiteRunner.runSequentially(SuiteRunner.java:361)
	at org.testng.SuiteRunner.privateRun(SuiteRunner.java:319)
	at org.testng.SuiteRunner.run(SuiteRunner.java:268)
	at org.testng.SuiteRunnerWorker.runSuite(SuiteRunnerWorker.java:52)
	at org.testng.SuiteRunnerWorker.run(SuiteRunnerWorker.java:86)
	at org.testng.TestNG.runSuitesSequentially(TestNG.java:1264)
	at org.testng.TestNG.runSuitesLocally(TestNG.java:1189)
	at org.testng.TestNG.runSuites(TestNG.java:1104)
	at org.testng.TestNG.run(TestNG.java:1076)
	at org.testng.remote.AbstractRemoteTestNG.run(AbstractRemoteTestNG.java:126)
	at org.testng.remote.RemoteTestNG.initAndRun(RemoteTestNG.java:152)
	at org.testng.remote.RemoteTestNG.main(RemoteTestNG.java:57)
]]>
            </full-stacktrace>
          </exception> <!-- java.lang.NoSuchFieldError -->
          <reporter-output>
          </reporter-output>
        </test-method> <!-- get_list_user -->
      </class> <!-- Test_request.List_Userr -->
    </test> <!-- Default test -->
  </suite> <!-- Default suite -->
</testng-results>
